<?xml version="1.0" encoding="UTF-8" standalone="no" ?>
<testsuites>
  <testsuite errors="0" failures="0" name="HasNoAncestorClassTagsButHasTestMethodsWithAndWithoutTags" skipped="0" tests="3" time="0.0005486">
    <testcase classname="HasNoAncestorClassTagsButHasTestMethodsWithAndWithoutTags" name="testNoTags1" time="0.0001974"/>
    <testcase classname="HasNoAncestorClassTagsButHasTestMethodsWithAndWithoutTags" name="testNoTags2" time="0.0001847"/>
    <testcase classname="HasNoAncestorClassTagsButHasTestMethodsWithAndWithoutTags" name="test1" time="0.0001665"/>
  </testsuite>
  <testsuite errors="0" failures="0" name="HasSealedTestTags" skipped="0" tests="1" time="0.0001635">
    <testcase classname="HasSealedTestTags" name="test1" time="0.0001635"/>
  </testsuite>
  <testsuite errors="0" failures="0" name="HasUnsealedTestTags" skipped="0" tests="1" time="0.0002118">
    <testcase classname="HasUnsealedTestTags" name="test1" time="0.0002118"/>
  </testsuite>
  <testsuite errors="0" failures="0" name="dummyClassName" skipped="0" tests="1" time="0.0025635">
    <testcase classname="dummyClassName" name="test2" time="0.0025635"/>
  </testsuite>
  <testsuite errors="0" failures="0" name="dummyClassName" skipped="0" tests="1" time="0.0026978">
    <testcase classname="dummyClassName" name="test2" time="0.0026978"/>
  </testsuite>
</testsuites>
